<?xml version="1.0" encoding="UTF-8"?>
<!-- Generated by org.testng.reporters.JUnitReportReporter -->
<testsuite hostname="DESKTOP-3N34SA6" failures="0" tests="8" name="SmartBuy_Test_Project" time="119.597" errors="0" timestamp="2023-05-19T23:30:39 EEST" skipped="0">
  <testcase classname="SmartBuy_Test_Project" name="Sign_Up_Button" time="23.003"/>
  <system-out/>
  <testcase classname="SmartBuy_Test_Project" name="Login_Button" time="5.014"/>
  <system-out/>
  <testcase classname="SmartBuy_Test_Project" name="random_search" time="5.683"/>
  <system-out/>
  <testcase classname="SmartBuy_Test_Project" name="FindStoreButton" time="5.858"/>
  <system-out/>
  <testcase classname="SmartBuy_Test_Project" name="AddToCart" time="53.639"/>
  <system-out/>
  <testcase classname="SmartBuy_Test_Project" name="CheackOut" time="24.203"/>
  <system-out/>
  <testcase classname="SmartBuy_Test_Project" name="Assertion" time="0.005"/>
  <system-out/>
  <testcase classname="SmartBuy_Test_Project" name="ScreenShot" time="2.192"/>
  <system-out/>
</testsuite> <!-- SmartBuy_Test_Project -->
