<?xml version="1.0" encoding="UTF-8"?>
<!-- Generated by org.testng.reporters.JUnitReportReporter -->
<testsuite hostname="DESKTOP-3N34SA6" failures="0" tests="8" name="SmartBuy_Test_Project" time="116.066" errors="0" timestamp="2023-05-19T21:07:52 EEST" skipped="0">
  <testcase classname="SmartBuy_Test_Project" name="Sign_Up_Button" time="19.946"/>
  <system-out/>
  <testcase classname="SmartBuy_Test_Project" name="Login_Button" time="4.984"/>
  <system-out/>
  <testcase classname="SmartBuy_Test_Project" name="random_search" time="5.506"/>
  <system-out/>
  <testcase classname="SmartBuy_Test_Project" name="FindStoreButton" time="5.396"/>
  <system-out/>
  <testcase classname="SmartBuy_Test_Project" name="AddToCart" time="53.514"/>
  <system-out/>
  <testcase classname="SmartBuy_Test_Project" name="CheackOut" time="24.525"/>
  <system-out/>
  <testcase classname="SmartBuy_Test_Project" name="Assertion" time="0.009"/>
  <system-out/>
  <testcase classname="SmartBuy_Test_Project" name="ScreenShot" time="2.186"/>
  <system-out/>
</testsuite> <!-- SmartBuy_Test_Project -->
